<?xml version="1.0" encoding="UTF-8"?>
<testng-results skipped="0" failed="0" ignored="0" total="3" passed="3">
  <reporter-output>
  </reporter-output>
  <suite name="Default suite" duration-ms="190231" started-at="2020-10-18T11:23:29Z" finished-at="2020-10-18T11:26:39Z">
    <groups>
    </groups>
    <test name="Default test" duration-ms="190231" started-at="2020-10-18T11:23:29Z" finished-at="2020-10-18T11:26:39Z">
      <class name="tests.ComposeTest">
        <test-method status="PASS" signature="setup()[pri:0, instance:tests.ComposeTest@29774679]" name="setup" is-config="true" duration-ms="114053" started-at="2020-10-18T11:23:29Z" finished-at="2020-10-18T11:25:23Z">
          <reporter-output>
          </reporter-output>
        </test-method> <!-- setup -->
        <test-method status="PASS" signature="ComposeSuccess()[pri:0, instance:tests.ComposeTest@29774679]" name="ComposeSuccess" duration-ms="66131" started-at="2020-10-18T11:25:23Z" finished-at="2020-10-18T11:26:29Z">
          <reporter-output>
          </reporter-output>
        </test-method> <!-- ComposeSuccess -->
        <test-method status="PASS" signature="verifyAlertforNoBodyAndSub()[pri:1, instance:tests.ComposeTest@29774679]" name="verifyAlertforNoBodyAndSub" duration-ms="1623" started-at="2020-10-18T11:26:29Z" finished-at="2020-10-18T11:26:31Z">
          <reporter-output>
          </reporter-output>
        </test-method> <!-- verifyAlertforNoBodyAndSub -->
        <test-method status="PASS" signature="ccMail()[pri:2, instance:tests.ComposeTest@29774679]" name="ccMail" duration-ms="6055" started-at="2020-10-18T11:26:31Z" finished-at="2020-10-18T11:26:37Z">
          <reporter-output>
          </reporter-output>
        </test-method> <!-- ccMail -->
        <test-method status="PASS" signature="closure()[pri:0, instance:tests.ComposeTest@29774679]" name="closure" is-config="true" duration-ms="2292" started-at="2020-10-18T11:26:37Z" finished-at="2020-10-18T11:26:39Z">
          <reporter-output>
          </reporter-output>
        </test-method> <!-- closure -->
      </class> <!-- tests.ComposeTest -->
    </test> <!-- Default test -->
  </suite> <!-- Default suite -->
</testng-results>
