<?xml version="1.0" encoding="UTF-8"?>
<!-- Generated by org.testng.reporters.JUnitXMLReporter -->
<testsuite hostname="DELLVOSTRO" ignored="0" name="Default test" tests="3" failures="0" timestamp="18 Oct 2020 11:26:39 GMT" time="190.231" errors="0">
  <testcase name="ComposeSuccess" time="66.131" classname="tests.ComposeTest"/>
  <testcase name="verifyAlertforNoBodyAndSub" time="1.623" classname="tests.ComposeTest"/>
  <testcase name="ccMail" time="6.055" classname="tests.ComposeTest"/>
</testsuite> <!-- Default test -->
